Using pre-set license
Built from '2020.3/staging' branch; Version is '2020.3.23f1 (c5d91304a876) revision 12966163'; Using compiler version '192528614'; Build Type 'Release'
OS: 'Windows 10 Pro; OS build 19041.1415; Version 2004; 64bit' Language: 'en' Physical Memory: 3459 MB
BatchMode: 1, IsHumanControllingUs: 0, StartBugReporterOnCrash: 0, Is64bit: 1, IsPro: 0

COMMAND LINE ARGUMENTS:
C:\Program Files\Unity\Hub\Editor\2020.3.23f1\Editor\Unity.exe
-adb2
-batchMode
-noUpm
-name
AssetImportWorker1
-projectPath
C:/uniba/GameEngines/BarkingFrog/Game
-logFile
Logs/AssetImportWorker1.log
-srvPort
51774
Successfully changed project path to: C:/uniba/GameEngines/BarkingFrog/Game
C:/uniba/GameEngines/BarkingFrog/Game
Using Asset Import Pipeline V2.
Refreshing native plugins compatible for Editor in 78.17 ms, found 2 plugins.
Preloading 0 native plugins for Editor in 0.00 ms.
Initialize engine version: 2020.3.23f1 (c5d91304a876)
[Subsystems] Discovering subsystems at path C:/Program Files/Unity/Hub/Editor/2020.3.23f1/Editor/Data/Resources/UnitySubsystems
[Subsystems] Discovering subsystems at path C:/uniba/GameEngines/BarkingFrog/Game/Assets
GfxDevice: creating device client; threaded=0
Direct3D:
    Version:  Direct3D 11.0 [level 11.1]
    Renderer: AMD Radeon(TM) Vega 8 Graphics (ID=0x15d8)
    Vendor:   
    VRAM:     1729 MB
    Driver:   27.20.11028.10001
Initialize mono
Mono path[0] = 'C:/Program Files/Unity/Hub/Editor/2020.3.23f1/Editor/Data/Managed'
Mono path[1] = 'C:/Program Files/Unity/Hub/Editor/2020.3.23f1/Editor/Data/MonoBleedingEdge/lib/mono/unityjit'
Mono config path = 'C:/Program Files/Unity/Hub/Editor/2020.3.23f1/Editor/Data/MonoBleedingEdge/etc'
Using monoOptions --debugger-agent=transport=dt_socket,embedding=1,server=y,suspend=n,address=127.0.0.1:56280
Begin MonoManager ReloadAssembly
Registering precompiled unity dll's ...
Register platform support module: C:/Program Files/Unity/Hub/Editor/2020.3.23f1/Editor/Data/PlaybackEngines/WindowsStandaloneSupport/UnityEditor.WindowsStandalone.Extensions.dll
Registered in 0.005838 seconds.
Native extension for WindowsStandalone target not found
Refreshing native plugins compatible for Editor in 74.57 ms, found 2 plugins.
Preloading 0 native plugins for Editor in 0.00 ms.
Mono: successfully reloaded assembly
- Completed reload, in  1.417 seconds
Domain Reload Profiling:
	ReloadAssembly (1418ms)
		BeginReloadAssembly (131ms)
			ExecutionOrderSort (0ms)
			DisableScriptedObjects (0ms)
			BackupInstance (0ms)
			ReleaseScriptingObjects (0ms)
			CreateAndSetChildDomain (2ms)
		EndReloadAssembly (1095ms)
			LoadAssemblies (125ms)
			RebuildTransferFunctionScriptingTraits (1ms)
			SetupTypeCache (357ms)
			ReleaseScriptCaches (0ms)
			RebuildScriptCaches (71ms)
			SetupLoadedEditorAssemblies (416ms)
				LogAssemblyErrors (0ms)
				InitializePlatformSupportModulesInManaged (11ms)
				SetLoadedEditorAssemblies (0ms)
				RefreshPlugins (75ms)
				BeforeProcessingInitializeOnLoad (18ms)
				ProcessInitializeOnLoadAttributes (226ms)
				ProcessInitializeOnLoadMethodAttributes (85ms)
				AfterProcessingInitializeOnLoad (0ms)
				EditorAssembliesLoaded (0ms)
			ExecutionOrderSort2 (0ms)
			AwakeInstancesAfterBackupRestoration (0ms)
Platform modules already initialized, skipping
Registering precompiled user dll's ...
Registered in 0.019530 seconds.
Begin MonoManager ReloadAssembly
Native extension for WindowsStandalone target not found
Refreshing native plugins compatible for Editor in 0.60 ms, found 2 plugins.
Preloading 0 native plugins for Editor in 0.00 ms.
Mono: successfully reloaded assembly
- Completed reload, in  1.964 seconds
Domain Reload Profiling:
	ReloadAssembly (1967ms)
		BeginReloadAssembly (276ms)
			ExecutionOrderSort (0ms)
			DisableScriptedObjects (9ms)
			BackupInstance (0ms)
			ReleaseScriptingObjects (0ms)
			CreateAndSetChildDomain (37ms)
		EndReloadAssembly (1539ms)
			LoadAssemblies (254ms)
			RebuildTransferFunctionScriptingTraits (0ms)
			SetupTypeCache (528ms)
			ReleaseScriptCaches (1ms)
			RebuildScriptCaches (71ms)
			SetupLoadedEditorAssemblies (537ms)
				LogAssemblyErrors (0ms)
				InitializePlatformSupportModulesInManaged (9ms)
				SetLoadedEditorAssemblies (1ms)
				RefreshPlugins (1ms)
				BeforeProcessingInitializeOnLoad (108ms)
				ProcessInitializeOnLoadAttributes (385ms)
				ProcessInitializeOnLoadMethodAttributes (21ms)
				AfterProcessingInitializeOnLoad (13ms)
				EditorAssembliesLoaded (1ms)
			ExecutionOrderSort2 (0ms)
			AwakeInstancesAfterBackupRestoration (12ms)
Platform modules already initialized, skipping
========================================================================
Worker process is ready to serve import requests
Launched and connected shader compiler UnityShaderCompiler.exe after 0.12 seconds
Refreshing native plugins compatible for Editor in 0.85 ms, found 2 plugins.
Preloading 0 native plugins for Editor in 0.00 ms.
Unloading 1540 Unused Serialized files (Serialized files now loaded: 0)
System memory in use before: 89.8 MB.
System memory in use after: 89.9 MB.

Unloading 18 unused Assets to reduce memory usage. Loaded Objects now: 1996.
Total: 4.928600 ms (FindLiveObjects: 0.282200 ms CreateObjectMapping: 0.048500 ms MarkObjects: 4.548700 ms  DeleteObjects: 0.046100 ms)

AssetImportParameters requested are different than current active one (requested -> active):
  custom:framework-win-MediaFoundation: 216162199b28c13a410421893ffa2e32 -> 
  custom:video-decoder-ogg-theora: a1e56fd34408186e4bbccfd4996cb3dc -> 
  custom:container-muxer-webm: aa71ff27fc2769a1b78a27578f13a17b -> 
  custom:container-demuxer-webm: 4f35f7cbe854078d1ac9338744f61a02 -> 
  custom:container-demuxer-ogg: 62fdf1f143b41e24485cea50d1cbac27 -> 
  custom:video-encoder-webm-vp8: eb34c28f22e8b96e1ab97ce403110664 -> 
  custom:video-decoder-webm-vp8: 9c59270c3fd7afecdb556c50c9e8de78 -> 
  custom:audio-decoder-ogg-vorbis: bf7c407c2cedff20999df2af8eb42d56 -> 
  custom:audio-encoder-webm-vorbis: bf7c407c2cedff20999df2af8eb42d56 -> 
========================================================================
Received Import Request.
  path: Assets/PlayerAnimation/Running.fbx
  artifactKey: Guid(c8604355f9d781048a6496796ebee7e4) Importer(815301076,1909f56bfc062723c751e8b465ee728b)
Start importing Assets/PlayerAnimation/Running.fbx using Guid(c8604355f9d781048a6496796ebee7e4) Importer(815301076,1909f56bfc062723c751e8b465ee728b)  -> (artifact id: '40747c71be63f9f2c3cada78a1a68b66') in 0.531175 seconds 
  Import took 0.539122 seconds .

========================================================================
Received Import Request.
  Time since last request: 0.000374 seconds.
  path: Assets/PlayerAnimation/Jumping.fbx
  artifactKey: Guid(fba3773afeca5ed459c67f3d87c2f920) Importer(815301076,1909f56bfc062723c751e8b465ee728b)
Start importing Assets/PlayerAnimation/Jumping.fbx using Guid(fba3773afeca5ed459c67f3d87c2f920) Importer(815301076,1909f56bfc062723c751e8b465ee728b)  -> (artifact id: 'f05e124144d97791b91af8f8818e76c0') in 0.072588 seconds 
  Import took 0.080640 seconds .

========================================================================
Received Import Request.
  Time since last request: 0.000504 seconds.
  path: Assets/PlayerAnimation/Idle.fbx
  artifactKey: Guid(618c0e895ffd74347876047919e2ecce) Importer(815301076,1909f56bfc062723c751e8b465ee728b)
Start importing Assets/PlayerAnimation/Idle.fbx using Guid(618c0e895ffd74347876047919e2ecce) Importer(815301076,1909f56bfc062723c751e8b465ee728b)  -> (artifact id: 'db388b74c38e3604d3581a18d9cc8f16') in 0.072205 seconds 
  Import took 0.078799 seconds .

========================================================================
Received Prepare
Refreshing native plugins compatible for Editor in 10.44 ms, found 2 plugins.
Preloading 0 native plugins for Editor in 0.00 ms.
Unloading 12 Unused Serialized files (Serialized files now loaded: 0)
System memory in use before: 76.9 MB.
System memory in use after: 77.0 MB.

Unloading 12 unused Assets to reduce memory usage. Loaded Objects now: 2040.
Total: 5.064300 ms (FindLiveObjects: 0.279100 ms CreateObjectMapping: 0.061600 ms MarkObjects: 4.698700 ms  DeleteObjects: 0.023200 ms)

AssetImportParameters requested are different than current active one (requested -> active):
  custom:framework-win-MediaFoundation: 216162199b28c13a410421893ffa2e32 -> 
  custom:video-decoder-ogg-theora: a1e56fd34408186e4bbccfd4996cb3dc -> 
  custom:container-muxer-webm: aa71ff27fc2769a1b78a27578f13a17b -> 
  custom:container-demuxer-webm: 4f35f7cbe854078d1ac9338744f61a02 -> 
  custom:container-demuxer-ogg: 62fdf1f143b41e24485cea50d1cbac27 -> 
  custom:video-encoder-webm-vp8: eb34c28f22e8b96e1ab97ce403110664 -> 
  custom:video-decoder-webm-vp8: 9c59270c3fd7afecdb556c50c9e8de78 -> 
  custom:audio-decoder-ogg-vorbis: bf7c407c2cedff20999df2af8eb42d56 -> 
  custom:audio-encoder-webm-vorbis: bf7c407c2cedff20999df2af8eb42d56 -> 
========================================================================
Received Import Request.
  Time since last request: 32.077341 seconds.
  path: Assets/PlayerAnimation/Mica_retopo.fbx
  artifactKey: Guid(7bb2c20b41fc98141956c6b8a980b78e) Importer(815301076,1909f56bfc062723c751e8b465ee728b)
Start importing Assets/PlayerAnimation/Mica_retopo.fbx using Guid(7bb2c20b41fc98141956c6b8a980b78e) Importer(815301076,1909f56bfc062723c751e8b465ee728b)  -> (artifact id: '1d28b88a4a89f0524ebc7ba77c30aafd') in 0.239815 seconds 
  Import took 0.246458 seconds .

========================================================================
Received Prepare
Registering precompiled user dll's ...
Registered in 0.011576 seconds.
Begin MonoManager ReloadAssembly
Native extension for WindowsStandalone target not found
Refreshing native plugins compatible for Editor in 0.56 ms, found 2 plugins.
Preloading 0 native plugins for Editor in 0.00 ms.
Mono: successfully reloaded assembly
- Completed reload, in  1.303 seconds
Domain Reload Profiling:
	ReloadAssembly (1303ms)
		BeginReloadAssembly (136ms)
			ExecutionOrderSort (0ms)
			DisableScriptedObjects (5ms)
			BackupInstance (0ms)
			ReleaseScriptingObjects (0ms)
			CreateAndSetChildDomain (41ms)
		EndReloadAssembly (1088ms)
			LoadAssemblies (103ms)
			RebuildTransferFunctionScriptingTraits (0ms)
			SetupTypeCache (343ms)
			ReleaseScriptCaches (1ms)
			RebuildScriptCaches (65ms)
			SetupLoadedEditorAssemblies (380ms)
				LogAssemblyErrors (0ms)
				InitializePlatformSupportModulesInManaged (10ms)
				SetLoadedEditorAssemblies (1ms)
				RefreshPlugins (1ms)
				BeforeProcessingInitializeOnLoad (71ms)
				ProcessInitializeOnLoadAttributes (263ms)
				ProcessInitializeOnLoadMethodAttributes (20ms)
				AfterProcessingInitializeOnLoad (14ms)
				EditorAssembliesLoaded (1ms)
			ExecutionOrderSort2 (0ms)
			AwakeInstancesAfterBackupRestoration (14ms)
Platform modules already initialized, skipping
Refreshing native plugins compatible for Editor in 0.47 ms, found 2 plugins.
Preloading 0 native plugins for Editor in 0.00 ms.
Unloading 1534 Unused Serialized files (Serialized files now loaded: 0)
System memory in use before: 106.7 MB.
System memory in use after: 106.8 MB.

Unloading 14 unused Assets to reduce memory usage. Loaded Objects now: 2042.
Total: 5.190700 ms (FindLiveObjects: 0.238300 ms CreateObjectMapping: 0.057400 ms MarkObjects: 4.865100 ms  DeleteObjects: 0.027900 ms)

AssetImportParameters requested are different than current active one (requested -> active):
  custom:framework-win-MediaFoundation: 216162199b28c13a410421893ffa2e32 -> 
  custom:video-decoder-ogg-theora: a1e56fd34408186e4bbccfd4996cb3dc -> 
  custom:container-muxer-webm: aa71ff27fc2769a1b78a27578f13a17b -> 
  custom:container-demuxer-webm: 4f35f7cbe854078d1ac9338744f61a02 -> 
  custom:container-demuxer-ogg: 62fdf1f143b41e24485cea50d1cbac27 -> 
  custom:video-encoder-webm-vp8: eb34c28f22e8b96e1ab97ce403110664 -> 
  custom:video-decoder-webm-vp8: 9c59270c3fd7afecdb556c50c9e8de78 -> 
  custom:audio-decoder-ogg-vorbis: bf7c407c2cedff20999df2af8eb42d56 -> 
  custom:audio-encoder-webm-vorbis: bf7c407c2cedff20999df2af8eb42d56 -> 
========================================================================
Received Import Request.
  Time since last request: 110.991797 seconds.
  path: Assets/Background/Bush_1.png
  artifactKey: Guid(ae6283ed8e8175349bac48575b8ce3a2) Importer(815301076,1909f56bfc062723c751e8b465ee728b)
Start importing Assets/Background/Bush_1.png using Guid(ae6283ed8e8175349bac48575b8ce3a2) Importer(815301076,1909f56bfc062723c751e8b465ee728b)  -> (artifact id: '73973679cbcb9b12c0d388eddbcdaa23') in 0.140593 seconds 
  Import took 0.146278 seconds .

========================================================================
Received Import Request.
  Time since last request: 0.000305 seconds.
  path: Assets/Background/Top_tree.png
  artifactKey: Guid(c622d7b5880e634429df0e4f4c287554) Importer(815301076,1909f56bfc062723c751e8b465ee728b)
Start importing Assets/Background/Top_tree.png using Guid(c622d7b5880e634429df0e4f4c287554) Importer(815301076,1909f56bfc062723c751e8b465ee728b)  -> (artifact id: '5bd87712572c1633d715e5584a7e72be') in 0.049866 seconds 
  Import took 0.054057 seconds .

========================================================================
Received Import Request.
  Time since last request: 0.000322 seconds.
  path: Assets/Background/Mountain_1.png
  artifactKey: Guid(bbed6fa6b4c0fff4eac31cc7b4561be3) Importer(815301076,1909f56bfc062723c751e8b465ee728b)
Start importing Assets/Background/Mountain_1.png using Guid(bbed6fa6b4c0fff4eac31cc7b4561be3) Importer(815301076,1909f56bfc062723c751e8b465ee728b)  -> (artifact id: '24097f348bd037458174d0bdcee84d01') in 0.053699 seconds 
  Import took 0.057531 seconds .

========================================================================
Received Import Request.
  Time since last request: 0.000250 seconds.
  path: Assets/Background/Mushroom.png
  artifactKey: Guid(ce2c045b9b8fe704ca028fc4f0e1bca0) Importer(815301076,1909f56bfc062723c751e8b465ee728b)
Start importing Assets/Background/Mushroom.png using Guid(ce2c045b9b8fe704ca028fc4f0e1bca0) Importer(815301076,1909f56bfc062723c751e8b465ee728b)  -> (artifact id: 'afcfde1108286e47dac97d333299cb5f') in 0.061078 seconds 
  Import took 0.065443 seconds .

========================================================================
Received Import Request.
  Time since last request: 0.000304 seconds.
  path: Assets/Background/Tree_2L.png
  artifactKey: Guid(e0614a904667da4408105ffdc10ea307) Importer(815301076,1909f56bfc062723c751e8b465ee728b)
Start importing Assets/Background/Tree_2L.png using Guid(e0614a904667da4408105ffdc10ea307) Importer(815301076,1909f56bfc062723c751e8b465ee728b)  -> (artifact id: '37159fc48cdb6279abd955ccb4c8b733') in 0.047260 seconds 
  Import took 0.051101 seconds .

========================================================================
Received Import Request.
  Time since last request: 0.000254 seconds.
  path: Assets/Background/Top_mushroom.png
  artifactKey: Guid(a9725c99b44e04544b31e0c387252764) Importer(815301076,1909f56bfc062723c751e8b465ee728b)
Start importing Assets/Background/Top_mushroom.png using Guid(a9725c99b44e04544b31e0c387252764) Importer(815301076,1909f56bfc062723c751e8b465ee728b)  -> (artifact id: '9b193988eb9ea032f96eb5d4f2aeab07') in 0.033232 seconds 
  Import took 0.038529 seconds .

========================================================================
Received Import Request.
  Time since last request: 0.000468 seconds.
  path: Assets/Background/Bushes_background.png
  artifactKey: Guid(d156e302888df984eb7eb7da8e03ff44) Importer(815301076,1909f56bfc062723c751e8b465ee728b)
Start importing Assets/Background/Bushes_background.png using Guid(d156e302888df984eb7eb7da8e03ff44) Importer(815301076,1909f56bfc062723c751e8b465ee728b)  -> (artifact id: '98e51ba0d8d88f48da601433f2d7cb84') in 0.044560 seconds 
  Import took 0.048906 seconds .

========================================================================
Received Import Request.
  Time since last request: 0.000301 seconds.
  path: Assets/Background/Sunlight.png
  artifactKey: Guid(86c4a932070b44c4c966e50aac586875) Importer(815301076,1909f56bfc062723c751e8b465ee728b)
Start importing Assets/Background/Sunlight.png using Guid(86c4a932070b44c4c966e50aac586875) Importer(815301076,1909f56bfc062723c751e8b465ee728b)  -> (artifact id: '7b9fb22bc068c2b04c8d72928c7ecab4') in 0.040109 seconds 
  Import took 0.046021 seconds .

========================================================================
Received Import Request.
  Time since last request: 0.000356 seconds.
  path: Assets/Background/Trees_background.png
  artifactKey: Guid(e34641433792bf74c9e3d64c4574d753) Importer(815301076,1909f56bfc062723c751e8b465ee728b)
Start importing Assets/Background/Trees_background.png using Guid(e34641433792bf74c9e3d64c4574d753) Importer(815301076,1909f56bfc062723c751e8b465ee728b)  -> (artifact id: 'b29e2d7d307620eb62065707139eb24e') in 0.047067 seconds 
  Import took 0.051851 seconds .

========================================================================
Received Import Request.
  Time since last request: 0.000272 seconds.
  path: Assets/Background/Mountain_2.png
  artifactKey: Guid(fed71fbcf217faa4a9d6d002e7cdc123) Importer(815301076,1909f56bfc062723c751e8b465ee728b)
Start importing Assets/Background/Mountain_2.png using Guid(fed71fbcf217faa4a9d6d002e7cdc123) Importer(815301076,1909f56bfc062723c751e8b465ee728b)  -> (artifact id: 'b2e8e78c3c0b8972c64eba5a70318d70') in 0.039836 seconds 
  Import took 0.044425 seconds .

========================================================================
Received Import Request.
  Time since last request: 0.000426 seconds.
  path: Assets/Background/Top_grass.png
  artifactKey: Guid(461376658c7a45441a9f039da8bfd1ae) Importer(815301076,1909f56bfc062723c751e8b465ee728b)
Start importing Assets/Background/Top_grass.png using Guid(461376658c7a45441a9f039da8bfd1ae) Importer(815301076,1909f56bfc062723c751e8b465ee728b)  -> (artifact id: '5a69032b040e59997bfcc4741eb43b57') in 0.038068 seconds 
  Import took 0.043997 seconds .

========================================================================
Received Import Request.
  Time since last request: 0.000360 seconds.
  path: Assets/Background/Top_bush.png
  artifactKey: Guid(10f7cd4dfeed67042a9a8009505a6813) Importer(815301076,1909f56bfc062723c751e8b465ee728b)
Start importing Assets/Background/Top_bush.png using Guid(10f7cd4dfeed67042a9a8009505a6813) Importer(815301076,1909f56bfc062723c751e8b465ee728b)  -> (artifact id: 'e1298bae95a3b80ea1115bd7bba1f59e') in 0.042845 seconds 
  Import took 0.047914 seconds .

========================================================================
Received Import Request.
  Time since last request: 0.000432 seconds.
  path: Assets/Background/Tree_1R.png
  artifactKey: Guid(742b5d619cb4b9c41b19c11fe9979f03) Importer(815301076,1909f56bfc062723c751e8b465ee728b)
Start importing Assets/Background/Tree_1R.png using Guid(742b5d619cb4b9c41b19c11fe9979f03) Importer(815301076,1909f56bfc062723c751e8b465ee728b)  -> (artifact id: 'c256c80cab82a701980fa511d9947676') in 0.042180 seconds 
  Import took 0.047754 seconds .

========================================================================
Received Import Request.
  Time since last request: 28.239418 seconds.
  path: Assets/Parallax.cs
  artifactKey: Guid(d4ca5281606df544a89f7fab4ef92fa5) Importer(815301076,1909f56bfc062723c751e8b465ee728b)
Start importing Assets/Parallax.cs using Guid(d4ca5281606df544a89f7fab4ef92fa5) Importer(815301076,1909f56bfc062723c751e8b465ee728b)  -> (artifact id: '9ba441e156ab4b2af5ec8a7c4e77536d') in 0.024355 seconds 
  Import took 0.030076 seconds .

========================================================================
Received Prepare
Registering precompiled user dll's ...
Registered in 0.029322 seconds.
Begin MonoManager ReloadAssembly
Native extension for WindowsStandalone target not found
Refreshing native plugins compatible for Editor in 1.21 ms, found 2 plugins.
Preloading 0 native plugins for Editor in 0.00 ms.
Mono: successfully reloaded assembly
- Completed reload, in  2.652 seconds
Domain Reload Profiling:
	ReloadAssembly (2707ms)
		BeginReloadAssembly (735ms)
			ExecutionOrderSort (0ms)
			DisableScriptedObjects (74ms)
			BackupInstance (0ms)
			ReleaseScriptingObjects (2ms)
			CreateAndSetChildDomain (351ms)
		EndReloadAssembly (1741ms)
			LoadAssemblies (288ms)
			RebuildTransferFunctionScriptingTraits (2ms)
			SetupTypeCache (577ms)
			ReleaseScriptCaches (1ms)
			RebuildScriptCaches (60ms)
			SetupLoadedEditorAssemblies (645ms)
				LogAssemblyErrors (0ms)
				InitializePlatformSupportModulesInManaged (18ms)
				SetLoadedEditorAssemblies (3ms)
				RefreshPlugins (1ms)
				BeforeProcessingInitializeOnLoad (112ms)
				ProcessInitializeOnLoadAttributes (474ms)
				ProcessInitializeOnLoadMethodAttributes (19ms)
				AfterProcessingInitializeOnLoad (16ms)
				EditorAssembliesLoaded (1ms)
			ExecutionOrderSort2 (0ms)
			AwakeInstancesAfterBackupRestoration (13ms)
Platform modules already initialized, skipping
Refreshing native plugins compatible for Editor in 0.53 ms, found 2 plugins.
Preloading 0 native plugins for Editor in 0.00 ms.
Unloading 1534 Unused Serialized files (Serialized files now loaded: 0)
System memory in use before: 106.8 MB.
System memory in use after: 106.9 MB.

Unloading 14 unused Assets to reduce memory usage. Loaded Objects now: 2068.
Total: 15.714800 ms (FindLiveObjects: 0.887000 ms CreateObjectMapping: 0.541300 ms MarkObjects: 14.234400 ms  DeleteObjects: 0.048400 ms)

AssetImportParameters requested are different than current active one (requested -> active):
  custom:framework-win-MediaFoundation: 216162199b28c13a410421893ffa2e32 -> 
  custom:video-decoder-ogg-theora: a1e56fd34408186e4bbccfd4996cb3dc -> 
  custom:container-muxer-webm: aa71ff27fc2769a1b78a27578f13a17b -> 
  custom:container-demuxer-webm: 4f35f7cbe854078d1ac9338744f61a02 -> 
  custom:container-demuxer-ogg: 62fdf1f143b41e24485cea50d1cbac27 -> 
  custom:video-encoder-webm-vp8: eb34c28f22e8b96e1ab97ce403110664 -> 
  custom:video-decoder-webm-vp8: 9c59270c3fd7afecdb556c50c9e8de78 -> 
  custom:audio-decoder-ogg-vorbis: bf7c407c2cedff20999df2af8eb42d56 -> 
  custom:audio-encoder-webm-vorbis: bf7c407c2cedff20999df2af8eb42d56 -> 
========================================================================
Received Prepare
Registering precompiled user dll's ...
Registered in 0.018760 seconds.
Begin MonoManager ReloadAssembly
Native extension for WindowsStandalone target not found
Refreshing native plugins compatible for Editor in 0.45 ms, found 2 plugins.
Preloading 0 native plugins for Editor in 0.00 ms.
Mono: successfully reloaded assembly
- Completed reload, in  2.235 seconds
Domain Reload Profiling:
	ReloadAssembly (2256ms)
		BeginReloadAssembly (780ms)
			ExecutionOrderSort (0ms)
			DisableScriptedObjects (78ms)
			BackupInstance (0ms)
			ReleaseScriptingObjects (2ms)
			CreateAndSetChildDomain (456ms)
		EndReloadAssembly (1343ms)
			LoadAssemblies (205ms)
			RebuildTransferFunctionScriptingTraits (1ms)
			SetupTypeCache (495ms)
			ReleaseScriptCaches (1ms)
			RebuildScriptCaches (59ms)
			SetupLoadedEditorAssemblies (420ms)
				LogAssemblyErrors (0ms)
				InitializePlatformSupportModulesInManaged (7ms)
				SetLoadedEditorAssemblies (2ms)
				RefreshPlugins (1ms)
				BeforeProcessingInitializeOnLoad (77ms)
				ProcessInitializeOnLoadAttributes (293ms)
				ProcessInitializeOnLoadMethodAttributes (24ms)
				AfterProcessingInitializeOnLoad (16ms)
				EditorAssembliesLoaded (1ms)
			ExecutionOrderSort2 (0ms)
			AwakeInstancesAfterBackupRestoration (13ms)
Platform modules already initialized, skipping
Refreshing native plugins compatible for Editor in 0.43 ms, found 2 plugins.
Preloading 0 native plugins for Editor in 0.00 ms.
Unloading 1534 Unused Serialized files (Serialized files now loaded: 0)
System memory in use before: 106.8 MB.
System memory in use after: 106.9 MB.

Unloading 14 unused Assets to reduce memory usage. Loaded Objects now: 2070.
Total: 5.639900 ms (FindLiveObjects: 0.253600 ms CreateObjectMapping: 0.054800 ms MarkObjects: 5.290200 ms  DeleteObjects: 0.038500 ms)

AssetImportParameters requested are different than current active one (requested -> active):
  custom:framework-win-MediaFoundation: 216162199b28c13a410421893ffa2e32 -> 
  custom:video-decoder-ogg-theora: a1e56fd34408186e4bbccfd4996cb3dc -> 
  custom:container-muxer-webm: aa71ff27fc2769a1b78a27578f13a17b -> 
  custom:container-demuxer-webm: 4f35f7cbe854078d1ac9338744f61a02 -> 
  custom:container-demuxer-ogg: 62fdf1f143b41e24485cea50d1cbac27 -> 
  custom:video-encoder-webm-vp8: eb34c28f22e8b96e1ab97ce403110664 -> 
  custom:video-decoder-webm-vp8: 9c59270c3fd7afecdb556c50c9e8de78 -> 
  custom:audio-decoder-ogg-vorbis: bf7c407c2cedff20999df2af8eb42d56 -> 
  custom:audio-encoder-webm-vorbis: bf7c407c2cedff20999df2af8eb42d56 -> 
========================================================================
Received Import Request.
  Time since last request: 150.931704 seconds.
  path: Assets/PlayerScripts/PlayerContoller.cs
  artifactKey: Guid(6497fab878aae45458b3d514347e5840) Importer(815301076,1909f56bfc062723c751e8b465ee728b)
Start importing Assets/PlayerScripts/PlayerContoller.cs using Guid(6497fab878aae45458b3d514347e5840) Importer(815301076,1909f56bfc062723c751e8b465ee728b)  -> (artifact id: 'c8f02cc90ee3e337734877577bfcc4df') in 0.044566 seconds 
  Import took 0.052192 seconds .

========================================================================
Received Prepare
Registering precompiled user dll's ...
Registered in 0.015219 seconds.
Begin MonoManager ReloadAssembly
Native extension for WindowsStandalone target not found
Refreshing native plugins compatible for Editor in 0.45 ms, found 2 plugins.
Preloading 0 native plugins for Editor in 0.00 ms.
Mono: successfully reloaded assembly
- Completed reload, in  1.919 seconds
Domain Reload Profiling:
	ReloadAssembly (1934ms)
		BeginReloadAssembly (650ms)
			ExecutionOrderSort (0ms)
			DisableScriptedObjects (56ms)
			BackupInstance (0ms)
			ReleaseScriptingObjects (1ms)
			CreateAndSetChildDomain (378ms)
		EndReloadAssembly (1168ms)
			LoadAssemblies (199ms)
			RebuildTransferFunctionScriptingTraits (1ms)
			SetupTypeCache (433ms)
			ReleaseScriptCaches (1ms)
			RebuildScriptCaches (47ms)
			SetupLoadedEditorAssemblies (379ms)
				LogAssemblyErrors (0ms)
				InitializePlatformSupportModulesInManaged (8ms)
				SetLoadedEditorAssemblies (1ms)
				RefreshPlugins (1ms)
				BeforeProcessingInitializeOnLoad (70ms)
				ProcessInitializeOnLoadAttributes (276ms)
				ProcessInitializeOnLoadMethodAttributes (13ms)
				AfterProcessingInitializeOnLoad (9ms)
				EditorAssembliesLoaded (0ms)
			ExecutionOrderSort2 (0ms)
			AwakeInstancesAfterBackupRestoration (8ms)
Platform modules already initialized, skipping
Refreshing native plugins compatible for Editor in 2.13 ms, found 2 plugins.
Preloading 0 native plugins for Editor in 0.00 ms.
Unloading 1534 Unused Serialized files (Serialized files now loaded: 0)
System memory in use before: 106.8 MB.
System memory in use after: 106.9 MB.

Unloading 14 unused Assets to reduce memory usage. Loaded Objects now: 2072.
Total: 20.586500 ms (FindLiveObjects: 3.181300 ms CreateObjectMapping: 0.179200 ms MarkObjects: 16.931400 ms  DeleteObjects: 0.284900 ms)

AssetImportParameters requested are different than current active one (requested -> active):
  custom:framework-win-MediaFoundation: 216162199b28c13a410421893ffa2e32 -> 
  custom:video-decoder-ogg-theora: a1e56fd34408186e4bbccfd4996cb3dc -> 
  custom:container-muxer-webm: aa71ff27fc2769a1b78a27578f13a17b -> 
  custom:container-demuxer-webm: 4f35f7cbe854078d1ac9338744f61a02 -> 
  custom:container-demuxer-ogg: 62fdf1f143b41e24485cea50d1cbac27 -> 
  custom:video-encoder-webm-vp8: eb34c28f22e8b96e1ab97ce403110664 -> 
  custom:video-decoder-webm-vp8: 9c59270c3fd7afecdb556c50c9e8de78 -> 
  custom:audio-decoder-ogg-vorbis: bf7c407c2cedff20999df2af8eb42d56 -> 
  custom:audio-encoder-webm-vorbis: bf7c407c2cedff20999df2af8eb42d56 -> 
========================================================================
Received Import Request.
  Time since last request: 42.235770 seconds.
  path: Assets/PlayerScripts/PlayerContoller.cs
  artifactKey: Guid(6497fab878aae45458b3d514347e5840) Importer(815301076,1909f56bfc062723c751e8b465ee728b)
Start importing Assets/PlayerScripts/PlayerContoller.cs using Guid(6497fab878aae45458b3d514347e5840) Importer(815301076,1909f56bfc062723c751e8b465ee728b)  -> (artifact id: '3003dd5c6701925ab7d229f6973a9276') in 0.034201 seconds 
  Import took 0.044539 seconds .

AssetImportWorkerClient::OnTransportError - code=2 error=End of file
